C51 COMPILER V9.57.0.0   MAIN                                                              03/07/2018 10:30:45 PAGE 1   


C51 COMPILER V9.57.0.0, COMPILATION OF MODULE MAIN
OBJECT MODULE PLACED IN .\Objects\main.obj
COMPILER INVOKED BY: C:\Keil_C51\C51\BIN\C51.EXE main.c OPTIMIZE(8,SPEED) PRINT(.\Listings\main.lst) OBJECT(.\Objects\ma
                    -in.obj)

line level    source

   1          #include <stdio.h>      //used printf
   2          #include "stc15f2k60s2.h"       //from STC-ISP V6.86, Used for all STC15 MCUs.  
   3          
   4          #define FOSC 11059200L  //System frequency
   5          
   6          typedef struct {
   7                  int distance;
   8                  int strength;
   9                  char receiveComplete;
  10          }TFmini;
  11          
  12          TFmini tfmini = {0, 0, 0}; 
  13          
  14          /******************************************************************************
  15           TFmini 9 bytes output: 
  16           [0x59, 0x59, distanceL, distanceH, strengthL, strengthH, Mode, 0x00, checksum]
  17           *****************************************************************************/
  18          void getTFminiData(TFmini *tfmini) {
  19   1              static unsigned char i = 0 ;
  20   1              unsigned char j = 0;
  21   1              unsigned int checksum = 0;
  22   1              static unsigned int rx[9];
  23   1              if(RI) {
  24   2                      RI = 0;
  25   2                      rx[i] = SBUF;
  26   2                      //printf("%d ", rx[i]);
  27   2                      if(rx[0] != 0x59) {
  28   3                              i = 0;
  29   3                      } else if(i == 1 && rx[1] != 0x59) {
  30   3                              i = 0;
  31   3                      } else if(i == 8) {
  32   3                              //printf("\r\n");
  33   3                              for(j = 0; j < 8; j++) {
  34   4                                      checksum += rx[j];
  35   4                              } 
  36   3                              if(rx[8] == (checksum % 256)) {
  37   4                                      tfmini->distance = rx[2] + rx[3] * 256;
  38   4                                      tfmini->strength = rx[4] + rx[5] * 256;
  39   4                                      tfmini->receiveComplete = 1;
  40   4                              }
  41   3                              i = 0;
  42   3                      } else {
  43   3                              i++;
  44   3                      }
  45   2              }
  46   1      }
  47          
  48          /******************************************************************************
  49           Timer 0 and 2 can be used, STC15W204S don't have Timer 1.
  50           *****************************************************************************/
  51          void Uart_Init(unsigned long baudrate) {
  52   1          SCON = 0x50;        //8-bit variable UART
  53   1              AUXR = 0x14;    //set Timer2 1T Mode, and start Timer2
  54   1              AUXR |= 0x01;   //select Timer 2 as Uart 1 baud generator
C51 COMPILER V9.57.0.0   MAIN                                                              03/07/2018 10:30:45 PAGE 2   

  55   1              T2L = (65536 - (FOSC/4/baudrate));   //Set auto-reload vaule
  56   1          T2H = (65536 - (FOSC/4/baudrate))>>8;
  57   1              ES = 1;
  58   1              EA = 1;
  59   1              SBUF = '\n';    //It's needed to give SBUF a random character if printf is used.
  60   1      }
  61                  
  62          void main() {
  63   1               
  64   1              Uart_Init(115200);
  65   1              //printf("Hello, TFmini!\r\n");
  66   1              
  67   1              while(1) {
  68   2                      if(tfmini.receiveComplete == 1) {
  69   3                              tfmini.receiveComplete = 0;
  70   3                              printf("(%d, %d)\r\n", tfmini.distance, tfmini.strength);
  71   3                      } 
  72   2              }
  73   1      }
  74          
  75          void Uart() interrupt 4 using 1 {       
  76   1              getTFminiData(&tfmini);
  77   1      }
  78          
  79          


MODULE INFORMATION:   STATIC OVERLAYABLE
   CODE SIZE        =    305    ----
   CONSTANT SIZE    =     11    ----
   XDATA SIZE       =   ----    ----
   PDATA SIZE       =   ----    ----
   DATA SIZE        =     24       4
   IDATA SIZE       =   ----    ----
   BIT SIZE         =   ----    ----
END OF MODULE INFORMATION.


C51 COMPILATION COMPLETE.  0 WARNING(S),  0 ERROR(S)
